Loading training image data...
Doing dimension reduction on training data...
Loading test data...
Doing dimension reduction on testing data...
Training Classifer by training data...
Predict testing data...
Hand_0000674: palmar
Hand_0000675: dorsal
Hand_0000676: dorsal
Hand_0000677: dorsal
Hand_0000678: dorsal
Hand_0000679: dorsal
Hand_0000680: palmar
Hand_0000681: palmar
Hand_0000941: palmar
Hand_0000942: palmar
Hand_0000950: palmar
Hand_0000951: dorsal
Hand_0000952: dorsal
Hand_0000953: dorsal
Hand_0000954: dorsal
Hand_0000955: dorsal
Hand_0000956: palmar
Hand_0000957: palmar
Hand_0000958: palmar
Hand_0000959: palmar
Hand_0000970: dorsal
Hand_0000971: dorsal
Hand_0000972: dorsal
Hand_0000973: dorsal
Hand_0000989: dorsal
Hand_0000993: dorsal
Hand_0000994: dorsal
Hand_0000995: dorsal
Hand_0000996: dorsal
Hand_0000997: dorsal
Hand_0000998: dorsal
Hand_0000999: dorsal
Hand_0006637: dorsal
Hand_0006638: dorsal
Hand_0006639: dorsal
Hand_0006640: dorsal
Hand_0006641: dorsal
Hand_0006642: dorsal
Hand_0006643: palmar
Hand_0006644: dorsal
Hand_0006645: dorsal
Hand_0006646: dorsal
Hand_0006647: dorsal
Hand_0006648: dorsal
Hand_0006649: dorsal
Hand_0006650: dorsal
Hand_0006651: dorsal
Hand_0007734: dorsal
Hand_0007735: palmar
Hand_0007736: palmar
Hand_0007779: palmar
Hand_0007780: palmar
Hand_0007781: palmar
Hand_0007782: palmar
Hand_0007783: palmar
Hand_0007784: palmar
Hand_0007785: palmar
Hand_0007786: palmar
Hand_0007787: palmar
Hand_0007788: palmar
Hand_0007789: palmar
Hand_0007790: palmar
Hand_0007791: palmar
Hand_0007792: palmar
Hand_0007793: palmar
Hand_0007794: palmar
Hand_0007795: palmar
Hand_0007796: palmar
Hand_0007797: palmar
Hand_0007798: palmar
Hand_0007799: palmar
Hand_0007877: palmar
Hand_0007878: palmar
Hand_0007879: palmar
Hand_0007880: palmar
Hand_0007881: dorsal
Hand_0007882: palmar
Hand_0007883: palmar
Hand_0007884: palmar
Hand_0007885: palmar
Hand_0007886: palmar
Hand_0007887: palmar
Hand_0007888: palmar
Hand_0007900: palmar
Hand_0007901: palmar
Hand_0007902: palmar
Hand_0007903: palmar
Hand_0007904: palmar
Hand_0007905: palmar
Hand_0007906: palmar
Hand_0007907: palmar
Hand_0007908: palmar
Hand_0007909: palmar
Hand_0007910: palmar
Hand_0007911: palmar
Hand_0007912: palmar
Hand_0007913: palmar
Hand_0007914: palmar
Hand_0007915: palmar
Hand_0007916: dorsal
Accuracy: 85.0%
